 
****************************************
Report : constraint
        -all_violators
        -max_delay
        -min_delay
        -max_capacitance
        -max_transition
Design : fx_mac
Scenario(s): mode_norm.OC_rvt_ss28_0.90V_0.00V_0.90V_0.00V_125C mode_norm.OC_rvt_ff28_1.10V_0.00V_1.10V_0.00V_m40C
Version: V-2023.12-SP5-3
Date   : Sat Aug 16 15:41:30 2025
****************************************


   min_delay/hold ('CLK' group)

                             Required        Actual
   Endpoint                 Path Delay     Path Delay        Slack             Scenario
   -----------------------------------------------------------------
   vld_d_reg_4_/D              0.251          0.113 f       -0.138  (VIOLATED) mode_norm.OC_rvt_ss28_0.90V_0.00V_0.90V_0.00V_125C
   vld_d_reg_2_/D              0.249          0.117 f       -0.133  (VIOLATED) mode_norm.OC_rvt_ss28_0.90V_0.00V_0.90V_0.00V_125C
   vld_d_reg_3_/D              0.248          0.119 f       -0.130  (VIOLATED) mode_norm.OC_rvt_ss28_0.90V_0.00V_0.90V_0.00V_125C
   acc_reg_21_/D               0.252          0.132 f       -0.120  (VIOLATED) mode_norm.OC_rvt_ss28_0.90V_0.00V_0.90V_0.00V_125C
   acc_reg_19_/D               0.252          0.140 f       -0.112  (VIOLATED) mode_norm.OC_rvt_ss28_0.90V_0.00V_0.90V_0.00V_125C
   acc_reg_1_/D                0.253          0.141 f       -0.111  (VIOLATED) mode_norm.OC_rvt_ss28_0.90V_0.00V_0.90V_0.00V_125C
   acc_reg_20_/D               0.253          0.141 f       -0.111  (VIOLATED) mode_norm.OC_rvt_ss28_0.90V_0.00V_0.90V_0.00V_125C
   counter_reg_0_/D            0.251          0.141 f       -0.110  (VIOLATED) mode_norm.OC_rvt_ss28_0.90V_0.00V_0.90V_0.00V_125C
   acc_reg_18_/D               0.251          0.145 f       -0.107  (VIOLATED) mode_norm.OC_rvt_ss28_0.90V_0.00V_0.90V_0.00V_125C
   vld_d_reg_1_/D              0.241          0.136 f       -0.105  (VIOLATED) mode_norm.OC_rvt_ss28_0.90V_0.00V_0.90V_0.00V_125C
   acc_reg_16_/D               0.248          0.155 f       -0.093  (VIOLATED) mode_norm.OC_rvt_ss28_0.90V_0.00V_0.90V_0.00V_125C
   acc_rc_reg_11_/D            0.249          0.165 f       -0.084  (VIOLATED) mode_norm.OC_rvt_ss28_0.90V_0.00V_0.90V_0.00V_125C
   acc_reg_0_/D                0.253          0.169 f       -0.084  (VIOLATED) mode_norm.OC_rvt_ss28_0.90V_0.00V_0.90V_0.00V_125C
   acc_rc_reg_10_/D            0.252          0.173 f       -0.079  (VIOLATED) mode_norm.OC_rvt_ss28_0.90V_0.00V_0.90V_0.00V_125C
   acc_rc_reg_5_/D             0.250          0.172 f       -0.078  (VIOLATED) mode_norm.OC_rvt_ss28_0.90V_0.00V_0.90V_0.00V_125C
   vld_o_tmp_reg/D             0.247          0.171 f       -0.076  (VIOLATED) mode_norm.OC_rvt_ss28_0.90V_0.00V_0.90V_0.00V_125C
   counter_reg_3_/D            0.235          0.160 r       -0.075  (VIOLATED) mode_norm.OC_rvt_ss28_0.90V_0.00V_0.90V_0.00V_125C
   acc_rdy_reg/D               0.251          0.176 f       -0.075  (VIOLATED) mode_norm.OC_rvt_ss28_0.90V_0.00V_0.90V_0.00V_125C
   counter_reg_1_/D            0.253          0.179 f       -0.074  (VIOLATED) mode_norm.OC_rvt_ss28_0.90V_0.00V_0.90V_0.00V_125C
   acc_reg_17_/D               0.245          0.172 f       -0.073  (VIOLATED) mode_norm.OC_rvt_ss28_0.90V_0.00V_0.90V_0.00V_125C
   acc_rc_reg_6_/D             0.252          0.179 f       -0.073  (VIOLATED) mode_norm.OC_rvt_ss28_0.90V_0.00V_0.90V_0.00V_125C
   acc_rc_reg_8_/D             0.252          0.180 f       -0.072  (VIOLATED) mode_norm.OC_rvt_ss28_0.90V_0.00V_0.90V_0.00V_125C
   counter_reg_2_/D            0.252          0.181 f       -0.070  (VIOLATED) mode_norm.OC_rvt_ss28_0.90V_0.00V_0.90V_0.00V_125C
   acc_rc_reg_4_/D             0.251          0.181 f       -0.069  (VIOLATED) mode_norm.OC_rvt_ss28_0.90V_0.00V_0.90V_0.00V_125C
   acc_rc_reg_7_/D             0.247          0.183 f       -0.064  (VIOLATED) mode_norm.OC_rvt_ss28_0.90V_0.00V_0.90V_0.00V_125C
   acc_reg_7_/D                0.253          0.193 f       -0.060  (VIOLATED) mode_norm.OC_rvt_ss28_0.90V_0.00V_0.90V_0.00V_125C
   acc_reg_5_/D                0.253          0.193 f       -0.060  (VIOLATED) mode_norm.OC_rvt_ss28_0.90V_0.00V_0.90V_0.00V_125C
   acc_reg_13_/D               0.253          0.194 f       -0.059  (VIOLATED) mode_norm.OC_rvt_ss28_0.90V_0.00V_0.90V_0.00V_125C
   acc_reg_12_/D               0.254          0.198 f       -0.056  (VIOLATED) mode_norm.OC_rvt_ss28_0.90V_0.00V_0.90V_0.00V_125C
   acc_rc_reg_9_/D             0.246          0.190 f       -0.055  (VIOLATED) mode_norm.OC_rvt_ss28_0.90V_0.00V_0.90V_0.00V_125C
   acc_reg_8_/D                0.254          0.200 f       -0.053  (VIOLATED) mode_norm.OC_rvt_ss28_0.90V_0.00V_0.90V_0.00V_125C
   acc_reg_6_/D                0.253          0.202 f       -0.052  (VIOLATED) mode_norm.OC_rvt_ss28_0.90V_0.00V_0.90V_0.00V_125C
   acc_reg_10_/D               0.253          0.202 f       -0.051  (VIOLATED) mode_norm.OC_rvt_ss28_0.90V_0.00V_0.90V_0.00V_125C
   acc_reg_9_/D                0.253          0.202 f       -0.051  (VIOLATED) mode_norm.OC_rvt_ss28_0.90V_0.00V_0.90V_0.00V_125C
   acc_reg_14_/D               0.252          0.201 f       -0.051  (VIOLATED) mode_norm.OC_rvt_ss28_0.90V_0.00V_0.90V_0.00V_125C
   clk_gate_counter_reg/latch/E    0.201      0.153 r       -0.049  (VIOLATED) mode_norm.OC_rvt_ss28_0.90V_0.00V_0.90V_0.00V_125C
   clk_gate_vld_o_tmp_reg/latch/E    0.204    0.158 r       -0.046  (VIOLATED) mode_norm.OC_rvt_ss28_0.90V_0.00V_0.90V_0.00V_125C
   acc_reg_4_/D                0.253          0.210 f       -0.043  (VIOLATED) mode_norm.OC_rvt_ss28_0.90V_0.00V_0.90V_0.00V_125C
   acc_reg_11_/D               0.253          0.210 f       -0.042  (VIOLATED) mode_norm.OC_rvt_ss28_0.90V_0.00V_0.90V_0.00V_125C
   acc_reg_15_/D               0.253          0.212 f       -0.041  (VIOLATED) mode_norm.OC_rvt_ss28_0.90V_0.00V_0.90V_0.00V_125C
   acc_reg_2_/D                0.252          0.213 f       -0.039  (VIOLATED) mode_norm.OC_rvt_ss28_0.90V_0.00V_0.90V_0.00V_125C
   acc_reg_3_/D                0.253          0.219 f       -0.034  (VIOLATED) mode_norm.OC_rvt_ss28_0.90V_0.00V_0.90V_0.00V_125C


   min_delay/hold ('REGIN' group)

                             Required        Actual
   Endpoint                 Path Delay     Path Delay        Slack             Scenario
   -----------------------------------------------------------------
   vld_d_reg_0_/D              0.257          0.050 f       -0.206  (VIOLATED) mode_norm.OC_rvt_ss28_0.90V_0.00V_0.90V_0.00V_125C
   acc_reg_14_/RN              0.280          0.082 r       -0.198  (VIOLATED) mode_norm.OC_rvt_ss28_0.90V_0.00V_0.90V_0.00V_125C
   acc_reg_19_/RN              0.280          0.082 r       -0.198  (VIOLATED) mode_norm.OC_rvt_ss28_0.90V_0.00V_0.90V_0.00V_125C
   mult_reg_13_/RN             0.280          0.082 r       -0.197  (VIOLATED) mode_norm.OC_rvt_ss28_0.90V_0.00V_0.90V_0.00V_125C
   mult_reg_11_/RN             0.280          0.082 r       -0.197  (VIOLATED) mode_norm.OC_rvt_ss28_0.90V_0.00V_0.90V_0.00V_125C
   acc_reg_20_/RN              0.280          0.082 r       -0.197  (VIOLATED) mode_norm.OC_rvt_ss28_0.90V_0.00V_0.90V_0.00V_125C
   acc_reg_21_/RN              0.280          0.082 r       -0.197  (VIOLATED) mode_norm.OC_rvt_ss28_0.90V_0.00V_0.90V_0.00V_125C
   vld_d_reg_1_/RN             0.280          0.083 r       -0.197  (VIOLATED) mode_norm.OC_rvt_ss28_0.90V_0.00V_0.90V_0.00V_125C
   acc_reg_13_/RN              0.280          0.083 r       -0.197  (VIOLATED) mode_norm.OC_rvt_ss28_0.90V_0.00V_0.90V_0.00V_125C
   acc_reg_16_/RN              0.280          0.083 r       -0.197  (VIOLATED) mode_norm.OC_rvt_ss28_0.90V_0.00V_0.90V_0.00V_125C
   vld_d_reg_2_/RN             0.280          0.083 r       -0.197  (VIOLATED) mode_norm.OC_rvt_ss28_0.90V_0.00V_0.90V_0.00V_125C
   mult_reg_6_/RN              0.280          0.083 r       -0.197  (VIOLATED) mode_norm.OC_rvt_ss28_0.90V_0.00V_0.90V_0.00V_125C
   acc_reg_11_/RN              0.280          0.083 r       -0.197  (VIOLATED) mode_norm.OC_rvt_ss28_0.90V_0.00V_0.90V_0.00V_125C
   mult_reg_12_/RN             0.280          0.083 r       -0.197  (VIOLATED) mode_norm.OC_rvt_ss28_0.90V_0.00V_0.90V_0.00V_125C
   acc_reg_15_/RN              0.280          0.083 r       -0.197  (VIOLATED) mode_norm.OC_rvt_ss28_0.90V_0.00V_0.90V_0.00V_125C
   vld_o_tmp_reg/RN            0.280          0.083 r       -0.197  (VIOLATED) mode_norm.OC_rvt_ss28_0.90V_0.00V_0.90V_0.00V_125C
   acc_rc_reg_11_/RN           0.280          0.083 r       -0.196  (VIOLATED) mode_norm.OC_rvt_ss28_0.90V_0.00V_0.90V_0.00V_125C
   acc_rc_reg_10_/RN           0.280          0.083 r       -0.196  (VIOLATED) mode_norm.OC_rvt_ss28_0.90V_0.00V_0.90V_0.00V_125C
   acc_reg_18_/RN              0.280          0.083 r       -0.196  (VIOLATED) mode_norm.OC_rvt_ss28_0.90V_0.00V_0.90V_0.00V_125C
   mult_reg_3_/RN              0.280          0.083 r       -0.196  (VIOLATED) mode_norm.OC_rvt_ss28_0.90V_0.00V_0.90V_0.00V_125C
   acc_rc_reg_9_/RN            0.280          0.083 r       -0.196  (VIOLATED) mode_norm.OC_rvt_ss28_0.90V_0.00V_0.90V_0.00V_125C
   mult_reg_15_/RN             0.280          0.083 r       -0.196  (VIOLATED) mode_norm.OC_rvt_ss28_0.90V_0.00V_0.90V_0.00V_125C
   acc_reg_9_/RN               0.280          0.083 r       -0.196  (VIOLATED) mode_norm.OC_rvt_ss28_0.90V_0.00V_0.90V_0.00V_125C
   mult_reg_10_/RN             0.280          0.084 r       -0.196  (VIOLATED) mode_norm.OC_rvt_ss28_0.90V_0.00V_0.90V_0.00V_125C
   acc_rdy_reg/RN              0.280          0.084 r       -0.196  (VIOLATED) mode_norm.OC_rvt_ss28_0.90V_0.00V_0.90V_0.00V_125C
   acc_reg_6_/RN               0.280          0.084 r       -0.196  (VIOLATED) mode_norm.OC_rvt_ss28_0.90V_0.00V_0.90V_0.00V_125C
   mult_reg_5_/RN              0.280          0.084 r       -0.196  (VIOLATED) mode_norm.OC_rvt_ss28_0.90V_0.00V_0.90V_0.00V_125C
   acc_reg_7_/RN               0.280          0.084 r       -0.195  (VIOLATED) mode_norm.OC_rvt_ss28_0.90V_0.00V_0.90V_0.00V_125C
   mult_reg_4_/RN              0.280          0.084 r       -0.195  (VIOLATED) mode_norm.OC_rvt_ss28_0.90V_0.00V_0.90V_0.00V_125C
   mult_reg_8_/RN              0.280          0.085 r       -0.195  (VIOLATED) mode_norm.OC_rvt_ss28_0.90V_0.00V_0.90V_0.00V_125C
   acc_rc_reg_8_/RN            0.280          0.085 r       -0.195  (VIOLATED) mode_norm.OC_rvt_ss28_0.90V_0.00V_0.90V_0.00V_125C
   acc_reg_10_/RN              0.280          0.085 r       -0.195  (VIOLATED) mode_norm.OC_rvt_ss28_0.90V_0.00V_0.90V_0.00V_125C
   vld_d_reg_0_/RN             0.280          0.085 r       -0.195  (VIOLATED) mode_norm.OC_rvt_ss28_0.90V_0.00V_0.90V_0.00V_125C
   vld_d_reg_3_/RN             0.280          0.085 r       -0.195  (VIOLATED) mode_norm.OC_rvt_ss28_0.90V_0.00V_0.90V_0.00V_125C
   vld_d_reg_4_/RN             0.280          0.085 r       -0.195  (VIOLATED) mode_norm.OC_rvt_ss28_0.90V_0.00V_0.90V_0.00V_125C
   acc_rc_reg_7_/RN            0.280          0.085 r       -0.195  (VIOLATED) mode_norm.OC_rvt_ss28_0.90V_0.00V_0.90V_0.00V_125C
   mult_reg_14_/RN             0.280          0.085 r       -0.195  (VIOLATED) mode_norm.OC_rvt_ss28_0.90V_0.00V_0.90V_0.00V_125C
   acc_reg_4_/RN               0.280          0.085 r       -0.195  (VIOLATED) mode_norm.OC_rvt_ss28_0.90V_0.00V_0.90V_0.00V_125C
   acc_reg_3_/RN               0.280          0.085 r       -0.194  (VIOLATED) mode_norm.OC_rvt_ss28_0.90V_0.00V_0.90V_0.00V_125C
   mult_reg_9_/RN              0.280          0.085 r       -0.194  (VIOLATED) mode_norm.OC_rvt_ss28_0.90V_0.00V_0.90V_0.00V_125C
   mult_reg_7_/RN              0.280          0.085 r       -0.194  (VIOLATED) mode_norm.OC_rvt_ss28_0.90V_0.00V_0.90V_0.00V_125C
   counter_reg_3_/RN           0.280          0.085 r       -0.194  (VIOLATED) mode_norm.OC_rvt_ss28_0.90V_0.00V_0.90V_0.00V_125C
   acc_rc_reg_6_/RN            0.280          0.085 r       -0.194  (VIOLATED) mode_norm.OC_rvt_ss28_0.90V_0.00V_0.90V_0.00V_125C
   acc_reg_2_/RN               0.280          0.085 r       -0.194  (VIOLATED) mode_norm.OC_rvt_ss28_0.90V_0.00V_0.90V_0.00V_125C
   counter_reg_2_/RN           0.280          0.085 r       -0.194  (VIOLATED) mode_norm.OC_rvt_ss28_0.90V_0.00V_0.90V_0.00V_125C
   acc_reg_12_/RN              0.280          0.085 r       -0.194  (VIOLATED) mode_norm.OC_rvt_ss28_0.90V_0.00V_0.90V_0.00V_125C
   counter_reg_0_/RN           0.280          0.086 r       -0.194  (VIOLATED) mode_norm.OC_rvt_ss28_0.90V_0.00V_0.90V_0.00V_125C
   acc_reg_5_/RN               0.280          0.086 r       -0.194  (VIOLATED) mode_norm.OC_rvt_ss28_0.90V_0.00V_0.90V_0.00V_125C
   acc_reg_1_/RN               0.280          0.086 r       -0.194  (VIOLATED) mode_norm.OC_rvt_ss28_0.90V_0.00V_0.90V_0.00V_125C
   counter_reg_1_/RN           0.280          0.086 r       -0.194  (VIOLATED) mode_norm.OC_rvt_ss28_0.90V_0.00V_0.90V_0.00V_125C
   mult_reg_2_/RN              0.280          0.086 r       -0.194  (VIOLATED) mode_norm.OC_rvt_ss28_0.90V_0.00V_0.90V_0.00V_125C
   acc_rc_reg_5_/RN            0.280          0.086 r       -0.194  (VIOLATED) mode_norm.OC_rvt_ss28_0.90V_0.00V_0.90V_0.00V_125C
   acc_reg_17_/RN              0.280          0.086 r       -0.194  (VIOLATED) mode_norm.OC_rvt_ss28_0.90V_0.00V_0.90V_0.00V_125C
   mult_reg_1_/RN              0.280          0.086 r       -0.193  (VIOLATED) mode_norm.OC_rvt_ss28_0.90V_0.00V_0.90V_0.00V_125C
   acc_reg_8_/RN               0.280          0.086 r       -0.193  (VIOLATED) mode_norm.OC_rvt_ss28_0.90V_0.00V_0.90V_0.00V_125C
   mult_reg_0_/RN              0.280          0.086 r       -0.193  (VIOLATED) mode_norm.OC_rvt_ss28_0.90V_0.00V_0.90V_0.00V_125C
   acc_rc_reg_4_/RN            0.280          0.086 r       -0.193  (VIOLATED) mode_norm.OC_rvt_ss28_0.90V_0.00V_0.90V_0.00V_125C
   acc_reg_0_/RN               0.280          0.086 r       -0.193  (VIOLATED) mode_norm.OC_rvt_ss28_0.90V_0.00V_0.90V_0.00V_125C
   mult_reg_14_/D              0.250          0.128 f       -0.122  (VIOLATED) mode_norm.OC_rvt_ss28_0.90V_0.00V_0.90V_0.00V_125C
   mult_reg_1_/D               0.250          0.140 f       -0.110  (VIOLATED) mode_norm.OC_rvt_ss28_0.90V_0.00V_0.90V_0.00V_125C
   mult_reg_0_/D               0.243          0.149 f       -0.094  (VIOLATED) mode_norm.OC_rvt_ss28_0.90V_0.00V_0.90V_0.00V_125C
   mult_reg_12_/D              0.249          0.155 f       -0.094  (VIOLATED) mode_norm.OC_rvt_ss28_0.90V_0.00V_0.90V_0.00V_125C
   mult_reg_13_/D              0.248          0.190 f       -0.058  (VIOLATED) mode_norm.OC_rvt_ss28_0.90V_0.00V_0.90V_0.00V_125C
   mult_reg_10_/D              0.251          0.198 f       -0.053  (VIOLATED) mode_norm.OC_rvt_ss28_0.90V_0.00V_0.90V_0.00V_125C
   mult_reg_2_/D               0.250          0.202 f       -0.048  (VIOLATED) mode_norm.OC_rvt_ss28_0.90V_0.00V_0.90V_0.00V_125C
   mult_reg_6_/D               0.250          0.202 f       -0.047  (VIOLATED) mode_norm.OC_rvt_ss28_0.90V_0.00V_0.90V_0.00V_125C
   mult_reg_4_/D               0.249          0.208 f       -0.041  (VIOLATED) mode_norm.OC_rvt_ss28_0.90V_0.00V_0.90V_0.00V_125C
   mult_reg_8_/D               0.248          0.211 f       -0.036  (VIOLATED) mode_norm.OC_rvt_ss28_0.90V_0.00V_0.90V_0.00V_125C
   mult_reg_15_/D              0.251          0.228 f       -0.023  (VIOLATED) mode_norm.OC_rvt_ss28_0.90V_0.00V_0.90V_0.00V_125C
   mult_reg_3_/D               0.252          0.239 f       -0.013  (VIOLATED) mode_norm.OC_rvt_ss28_0.90V_0.00V_0.90V_0.00V_125C
   mult_reg_11_/D              0.250          0.242 f       -0.008  (VIOLATED) mode_norm.OC_rvt_ss28_0.90V_0.00V_0.90V_0.00V_125C
   mult_reg_5_/D               0.248          0.247 f       -0.001  (VIOLATED) mode_norm.OC_rvt_ss28_0.90V_0.00V_0.90V_0.00V_125C


   min_delay/hold ('REGOUT' group)

                             Required        Actual
   Endpoint                 Path Delay     Path Delay        Slack             Scenario
   -----------------------------------------------------------------
   acc_o[4]                    0.150          0.112 r       -0.038  (VIOLATED) mode_norm.OC_rvt_ss28_0.90V_0.00V_0.90V_0.00V_125C
   acc_o[7]                    0.150          0.113 r       -0.037  (VIOLATED) mode_norm.OC_rvt_ss28_0.90V_0.00V_0.90V_0.00V_125C
   acc_o[6]                    0.150          0.113 r       -0.037  (VIOLATED) mode_norm.OC_rvt_ss28_0.90V_0.00V_0.90V_0.00V_125C
   acc_o[2]                    0.150          0.113 r       -0.037  (VIOLATED) mode_norm.OC_rvt_ss28_0.90V_0.00V_0.90V_0.00V_125C
   acc_o[1]                    0.150          0.113 r       -0.037  (VIOLATED) mode_norm.OC_rvt_ss28_0.90V_0.00V_0.90V_0.00V_125C
   acc_o[0]                    0.150          0.114 r       -0.036  (VIOLATED) mode_norm.OC_rvt_ss28_0.90V_0.00V_0.90V_0.00V_125C
   vld_o                       0.150          0.114 r       -0.036  (VIOLATED) mode_norm.OC_rvt_ss28_0.90V_0.00V_0.90V_0.00V_125C
   acc_o[5]                    0.150          0.114 r       -0.036  (VIOLATED) mode_norm.OC_rvt_ss28_0.90V_0.00V_0.90V_0.00V_125C
   acc_o[3]                    0.150          0.116 f       -0.034  (VIOLATED) mode_norm.OC_rvt_ss28_0.90V_0.00V_0.90V_0.00V_125C


   min_delay/hold ('CLK' group)

                             Required        Actual
   Endpoint                 Path Delay     Path Delay        Slack             Scenario
   -----------------------------------------------------------------
   vld_d_reg_4_/D              0.229          0.068 f       -0.162  (VIOLATED) mode_norm.OC_rvt_ff28_1.10V_0.00V_1.10V_0.00V_m40C
   vld_d_reg_2_/D              0.229          0.070 f       -0.159  (VIOLATED) mode_norm.OC_rvt_ff28_1.10V_0.00V_1.10V_0.00V_m40C
   vld_d_reg_3_/D              0.228          0.071 f       -0.157  (VIOLATED) mode_norm.OC_rvt_ff28_1.10V_0.00V_1.10V_0.00V_m40C
   acc_reg_21_/D               0.230          0.079 f       -0.151  (VIOLATED) mode_norm.OC_rvt_ff28_1.10V_0.00V_1.10V_0.00V_m40C
   acc_reg_19_/D               0.230          0.084 f       -0.146  (VIOLATED) mode_norm.OC_rvt_ff28_1.10V_0.00V_1.10V_0.00V_m40C
   acc_reg_20_/D               0.230          0.085 f       -0.146  (VIOLATED) mode_norm.OC_rvt_ff28_1.10V_0.00V_1.10V_0.00V_m40C
   acc_reg_1_/D                0.230          0.085 f       -0.146  (VIOLATED) mode_norm.OC_rvt_ff28_1.10V_0.00V_1.10V_0.00V_m40C
   counter_reg_0_/D            0.230          0.085 f       -0.144  (VIOLATED) mode_norm.OC_rvt_ff28_1.10V_0.00V_1.10V_0.00V_m40C
   acc_reg_18_/D               0.230          0.086 f       -0.144  (VIOLATED) mode_norm.OC_rvt_ff28_1.10V_0.00V_1.10V_0.00V_m40C
   vld_d_reg_1_/D              0.223          0.082 f       -0.141  (VIOLATED) mode_norm.OC_rvt_ff28_1.10V_0.00V_1.10V_0.00V_m40C
   acc_reg_16_/D               0.228          0.092 f       -0.136  (VIOLATED) mode_norm.OC_rvt_ff28_1.10V_0.00V_1.10V_0.00V_m40C
   acc_reg_0_/D                0.231          0.100 f       -0.130  (VIOLATED) mode_norm.OC_rvt_ff28_1.10V_0.00V_1.10V_0.00V_m40C
   acc_rc_reg_11_/D            0.228          0.099 f       -0.129  (VIOLATED) mode_norm.OC_rvt_ff28_1.10V_0.00V_1.10V_0.00V_m40C
   acc_rc_reg_10_/D            0.230          0.103 f       -0.127  (VIOLATED) mode_norm.OC_rvt_ff28_1.10V_0.00V_1.10V_0.00V_m40C
   acc_rc_reg_5_/D             0.229          0.104 f       -0.126  (VIOLATED) mode_norm.OC_rvt_ff28_1.10V_0.00V_1.10V_0.00V_m40C
   counter_reg_3_/D            0.221          0.095 r       -0.126  (VIOLATED) mode_norm.OC_rvt_ff28_1.10V_0.00V_1.10V_0.00V_m40C
   acc_reg_17_/D               0.226          0.102 f       -0.124  (VIOLATED) mode_norm.OC_rvt_ff28_1.10V_0.00V_1.10V_0.00V_m40C
   counter_reg_1_/D            0.230          0.106 f       -0.124  (VIOLATED) mode_norm.OC_rvt_ff28_1.10V_0.00V_1.10V_0.00V_m40C
   acc_rdy_reg/D               0.230          0.106 f       -0.124  (VIOLATED) mode_norm.OC_rvt_ff28_1.10V_0.00V_1.10V_0.00V_m40C
   vld_o_tmp_reg/D             0.227          0.103 f       -0.124  (VIOLATED) mode_norm.OC_rvt_ff28_1.10V_0.00V_1.10V_0.00V_m40C
   acc_rc_reg_6_/D             0.230          0.108 f       -0.122  (VIOLATED) mode_norm.OC_rvt_ff28_1.10V_0.00V_1.10V_0.00V_m40C
   acc_rc_reg_8_/D             0.230          0.109 f       -0.122  (VIOLATED) mode_norm.OC_rvt_ff28_1.10V_0.00V_1.10V_0.00V_m40C
   acc_rc_reg_4_/D             0.229          0.109 f       -0.121  (VIOLATED) mode_norm.OC_rvt_ff28_1.10V_0.00V_1.10V_0.00V_m40C
   counter_reg_2_/D            0.230          0.110 f       -0.119  (VIOLATED) mode_norm.OC_rvt_ff28_1.10V_0.00V_1.10V_0.00V_m40C
   acc_rc_reg_7_/D             0.227          0.110 f       -0.118  (VIOLATED) mode_norm.OC_rvt_ff28_1.10V_0.00V_1.10V_0.00V_m40C
   acc_reg_7_/D                0.231          0.117 f       -0.114  (VIOLATED) mode_norm.OC_rvt_ff28_1.10V_0.00V_1.10V_0.00V_m40C
   acc_reg_5_/D                0.231          0.117 f       -0.114  (VIOLATED) mode_norm.OC_rvt_ff28_1.10V_0.00V_1.10V_0.00V_m40C
   acc_reg_13_/D               0.230          0.117 f       -0.113  (VIOLATED) mode_norm.OC_rvt_ff28_1.10V_0.00V_1.10V_0.00V_m40C
   acc_rc_reg_9_/D             0.227          0.114 f       -0.113  (VIOLATED) mode_norm.OC_rvt_ff28_1.10V_0.00V_1.10V_0.00V_m40C
   acc_reg_12_/D               0.231          0.119 f       -0.112  (VIOLATED) mode_norm.OC_rvt_ff28_1.10V_0.00V_1.10V_0.00V_m40C
   acc_reg_8_/D                0.231          0.121 f       -0.110  (VIOLATED) mode_norm.OC_rvt_ff28_1.10V_0.00V_1.10V_0.00V_m40C
   acc_reg_6_/D                0.231          0.121 f       -0.109  (VIOLATED) mode_norm.OC_rvt_ff28_1.10V_0.00V_1.10V_0.00V_m40C
   acc_reg_10_/D               0.231          0.122 f       -0.109  (VIOLATED) mode_norm.OC_rvt_ff28_1.10V_0.00V_1.10V_0.00V_m40C
   acc_reg_9_/D                0.231          0.122 f       -0.109  (VIOLATED) mode_norm.OC_rvt_ff28_1.10V_0.00V_1.10V_0.00V_m40C
   acc_reg_14_/D               0.230          0.121 f       -0.109  (VIOLATED) mode_norm.OC_rvt_ff28_1.10V_0.00V_1.10V_0.00V_m40C
   acc_reg_4_/D                0.222          0.115 r       -0.106  (VIOLATED) mode_norm.OC_rvt_ff28_1.10V_0.00V_1.10V_0.00V_m40C
   clk_gate_counter_reg/latch/E    0.197      0.092 r       -0.106  (VIOLATED) mode_norm.OC_rvt_ff28_1.10V_0.00V_1.10V_0.00V_m40C
   acc_reg_2_/D                0.221          0.117 r       -0.104  (VIOLATED) mode_norm.OC_rvt_ff28_1.10V_0.00V_1.10V_0.00V_m40C
   acc_reg_11_/D               0.230          0.126 f       -0.104  (VIOLATED) mode_norm.OC_rvt_ff28_1.10V_0.00V_1.10V_0.00V_m40C
   clk_gate_vld_o_tmp_reg/latch/E    0.198    0.095 r       -0.104  (VIOLATED) mode_norm.OC_rvt_ff28_1.10V_0.00V_1.10V_0.00V_m40C
   acc_reg_15_/D               0.231          0.128 f       -0.102  (VIOLATED) mode_norm.OC_rvt_ff28_1.10V_0.00V_1.10V_0.00V_m40C
   acc_reg_3_/D                0.222          0.122 r       -0.099  (VIOLATED) mode_norm.OC_rvt_ff28_1.10V_0.00V_1.10V_0.00V_m40C
   clk_gate_ml/latch/E         0.180          0.105 f       -0.075  (VIOLATED) mode_norm.OC_rvt_ff28_1.10V_0.00V_1.10V_0.00V_m40C


   min_delay/hold ('REGIN' group)

                             Required        Actual
   Endpoint                 Path Delay     Path Delay        Slack             Scenario
   -----------------------------------------------------------------
   vld_d_reg_0_/D              0.233          0.050 f       -0.182  (VIOLATED) mode_norm.OC_rvt_ff28_1.10V_0.00V_1.10V_0.00V_m40C
   acc_reg_14_/RN              0.247          0.085 r       -0.162  (VIOLATED) mode_norm.OC_rvt_ff28_1.10V_0.00V_1.10V_0.00V_m40C
   acc_reg_19_/RN              0.247          0.085 r       -0.162  (VIOLATED) mode_norm.OC_rvt_ff28_1.10V_0.00V_1.10V_0.00V_m40C
   mult_reg_13_/RN             0.247          0.085 r       -0.161  (VIOLATED) mode_norm.OC_rvt_ff28_1.10V_0.00V_1.10V_0.00V_m40C
   mult_reg_11_/RN             0.247          0.085 r       -0.161  (VIOLATED) mode_norm.OC_rvt_ff28_1.10V_0.00V_1.10V_0.00V_m40C
   acc_reg_20_/RN              0.247          0.085 r       -0.161  (VIOLATED) mode_norm.OC_rvt_ff28_1.10V_0.00V_1.10V_0.00V_m40C
   acc_reg_21_/RN              0.247          0.085 r       -0.161  (VIOLATED) mode_norm.OC_rvt_ff28_1.10V_0.00V_1.10V_0.00V_m40C
   vld_d_reg_1_/RN             0.247          0.085 r       -0.161  (VIOLATED) mode_norm.OC_rvt_ff28_1.10V_0.00V_1.10V_0.00V_m40C
   acc_reg_13_/RN              0.247          0.086 r       -0.161  (VIOLATED) mode_norm.OC_rvt_ff28_1.10V_0.00V_1.10V_0.00V_m40C
   acc_reg_16_/RN              0.247          0.086 r       -0.161  (VIOLATED) mode_norm.OC_rvt_ff28_1.10V_0.00V_1.10V_0.00V_m40C
   vld_d_reg_2_/RN             0.247          0.086 r       -0.161  (VIOLATED) mode_norm.OC_rvt_ff28_1.10V_0.00V_1.10V_0.00V_m40C
   mult_reg_6_/RN              0.247          0.086 r       -0.161  (VIOLATED) mode_norm.OC_rvt_ff28_1.10V_0.00V_1.10V_0.00V_m40C
   acc_reg_11_/RN              0.247          0.086 r       -0.161  (VIOLATED) mode_norm.OC_rvt_ff28_1.10V_0.00V_1.10V_0.00V_m40C
   mult_reg_12_/RN             0.247          0.086 r       -0.161  (VIOLATED) mode_norm.OC_rvt_ff28_1.10V_0.00V_1.10V_0.00V_m40C
   acc_reg_15_/RN              0.247          0.086 r       -0.161  (VIOLATED) mode_norm.OC_rvt_ff28_1.10V_0.00V_1.10V_0.00V_m40C
   vld_o_tmp_reg/RN            0.247          0.086 r       -0.161  (VIOLATED) mode_norm.OC_rvt_ff28_1.10V_0.00V_1.10V_0.00V_m40C
   acc_rc_reg_11_/RN           0.247          0.086 r       -0.161  (VIOLATED) mode_norm.OC_rvt_ff28_1.10V_0.00V_1.10V_0.00V_m40C
   acc_reg_18_/RN              0.247          0.086 r       -0.161  (VIOLATED) mode_norm.OC_rvt_ff28_1.10V_0.00V_1.10V_0.00V_m40C
   acc_rc_reg_10_/RN           0.247          0.086 r       -0.161  (VIOLATED) mode_norm.OC_rvt_ff28_1.10V_0.00V_1.10V_0.00V_m40C
   mult_reg_3_/RN              0.247          0.086 r       -0.161  (VIOLATED) mode_norm.OC_rvt_ff28_1.10V_0.00V_1.10V_0.00V_m40C
   acc_rc_reg_9_/RN            0.247          0.086 r       -0.160  (VIOLATED) mode_norm.OC_rvt_ff28_1.10V_0.00V_1.10V_0.00V_m40C
   mult_reg_15_/RN             0.247          0.086 r       -0.160  (VIOLATED) mode_norm.OC_rvt_ff28_1.10V_0.00V_1.10V_0.00V_m40C
   acc_reg_9_/RN               0.247          0.086 r       -0.160  (VIOLATED) mode_norm.OC_rvt_ff28_1.10V_0.00V_1.10V_0.00V_m40C
   mult_reg_10_/RN             0.247          0.086 r       -0.160  (VIOLATED) mode_norm.OC_rvt_ff28_1.10V_0.00V_1.10V_0.00V_m40C
   acc_rdy_reg/RN              0.247          0.086 r       -0.160  (VIOLATED) mode_norm.OC_rvt_ff28_1.10V_0.00V_1.10V_0.00V_m40C
   acc_reg_6_/RN               0.247          0.086 r       -0.160  (VIOLATED) mode_norm.OC_rvt_ff28_1.10V_0.00V_1.10V_0.00V_m40C
   mult_reg_5_/RN              0.247          0.087 r       -0.160  (VIOLATED) mode_norm.OC_rvt_ff28_1.10V_0.00V_1.10V_0.00V_m40C
   acc_reg_7_/RN               0.247          0.087 r       -0.160  (VIOLATED) mode_norm.OC_rvt_ff28_1.10V_0.00V_1.10V_0.00V_m40C
   mult_reg_4_/RN              0.247          0.087 r       -0.160  (VIOLATED) mode_norm.OC_rvt_ff28_1.10V_0.00V_1.10V_0.00V_m40C
   mult_reg_8_/RN              0.247          0.087 r       -0.160  (VIOLATED) mode_norm.OC_rvt_ff28_1.10V_0.00V_1.10V_0.00V_m40C
   acc_rc_reg_8_/RN            0.247          0.087 r       -0.160  (VIOLATED) mode_norm.OC_rvt_ff28_1.10V_0.00V_1.10V_0.00V_m40C
   acc_reg_10_/RN              0.247          0.087 r       -0.160  (VIOLATED) mode_norm.OC_rvt_ff28_1.10V_0.00V_1.10V_0.00V_m40C
   vld_d_reg_0_/RN             0.247          0.087 r       -0.159  (VIOLATED) mode_norm.OC_rvt_ff28_1.10V_0.00V_1.10V_0.00V_m40C
   vld_d_reg_3_/RN             0.247          0.087 r       -0.159  (VIOLATED) mode_norm.OC_rvt_ff28_1.10V_0.00V_1.10V_0.00V_m40C
   vld_d_reg_4_/RN             0.247          0.087 r       -0.159  (VIOLATED) mode_norm.OC_rvt_ff28_1.10V_0.00V_1.10V_0.00V_m40C
   acc_rc_reg_7_/RN            0.247          0.087 r       -0.159  (VIOLATED) mode_norm.OC_rvt_ff28_1.10V_0.00V_1.10V_0.00V_m40C
   mult_reg_14_/RN             0.247          0.087 r       -0.159  (VIOLATED) mode_norm.OC_rvt_ff28_1.10V_0.00V_1.10V_0.00V_m40C
   acc_reg_4_/RN               0.247          0.087 r       -0.159  (VIOLATED) mode_norm.OC_rvt_ff28_1.10V_0.00V_1.10V_0.00V_m40C
   acc_reg_3_/RN               0.247          0.087 r       -0.159  (VIOLATED) mode_norm.OC_rvt_ff28_1.10V_0.00V_1.10V_0.00V_m40C
   mult_reg_9_/RN              0.247          0.087 r       -0.159  (VIOLATED) mode_norm.OC_rvt_ff28_1.10V_0.00V_1.10V_0.00V_m40C
   mult_reg_7_/RN              0.247          0.087 r       -0.159  (VIOLATED) mode_norm.OC_rvt_ff28_1.10V_0.00V_1.10V_0.00V_m40C
   counter_reg_3_/RN           0.247          0.088 r       -0.159  (VIOLATED) mode_norm.OC_rvt_ff28_1.10V_0.00V_1.10V_0.00V_m40C
   acc_rc_reg_6_/RN            0.247          0.088 r       -0.159  (VIOLATED) mode_norm.OC_rvt_ff28_1.10V_0.00V_1.10V_0.00V_m40C
   counter_reg_2_/RN           0.247          0.088 r       -0.159  (VIOLATED) mode_norm.OC_rvt_ff28_1.10V_0.00V_1.10V_0.00V_m40C
   acc_reg_2_/RN               0.247          0.088 r       -0.159  (VIOLATED) mode_norm.OC_rvt_ff28_1.10V_0.00V_1.10V_0.00V_m40C
   acc_reg_12_/RN              0.247          0.088 r       -0.159  (VIOLATED) mode_norm.OC_rvt_ff28_1.10V_0.00V_1.10V_0.00V_m40C
   counter_reg_0_/RN           0.247          0.088 r       -0.159  (VIOLATED) mode_norm.OC_rvt_ff28_1.10V_0.00V_1.10V_0.00V_m40C
   acc_reg_5_/RN               0.247          0.088 r       -0.159  (VIOLATED) mode_norm.OC_rvt_ff28_1.10V_0.00V_1.10V_0.00V_m40C
   acc_reg_1_/RN               0.247          0.088 r       -0.159  (VIOLATED) mode_norm.OC_rvt_ff28_1.10V_0.00V_1.10V_0.00V_m40C
   counter_reg_1_/RN           0.247          0.088 r       -0.159  (VIOLATED) mode_norm.OC_rvt_ff28_1.10V_0.00V_1.10V_0.00V_m40C
   mult_reg_2_/RN              0.247          0.088 r       -0.159  (VIOLATED) mode_norm.OC_rvt_ff28_1.10V_0.00V_1.10V_0.00V_m40C
   acc_rc_reg_5_/RN            0.247          0.088 r       -0.159  (VIOLATED) mode_norm.OC_rvt_ff28_1.10V_0.00V_1.10V_0.00V_m40C
   acc_reg_17_/RN              0.247          0.088 r       -0.159  (VIOLATED) mode_norm.OC_rvt_ff28_1.10V_0.00V_1.10V_0.00V_m40C
   mult_reg_1_/RN              0.247          0.088 r       -0.158  (VIOLATED) mode_norm.OC_rvt_ff28_1.10V_0.00V_1.10V_0.00V_m40C
   acc_reg_8_/RN               0.247          0.088 r       -0.158  (VIOLATED) mode_norm.OC_rvt_ff28_1.10V_0.00V_1.10V_0.00V_m40C
   mult_reg_0_/RN              0.247          0.088 r       -0.158  (VIOLATED) mode_norm.OC_rvt_ff28_1.10V_0.00V_1.10V_0.00V_m40C
   acc_rc_reg_4_/RN            0.247          0.088 r       -0.158  (VIOLATED) mode_norm.OC_rvt_ff28_1.10V_0.00V_1.10V_0.00V_m40C
   acc_reg_0_/RN               0.247          0.088 r       -0.158  (VIOLATED) mode_norm.OC_rvt_ff28_1.10V_0.00V_1.10V_0.00V_m40C
   mult_reg_14_/D              0.229          0.099 f       -0.130  (VIOLATED) mode_norm.OC_rvt_ff28_1.10V_0.00V_1.10V_0.00V_m40C
   mult_reg_1_/D               0.229          0.105 f       -0.125  (VIOLATED) mode_norm.OC_rvt_ff28_1.10V_0.00V_1.10V_0.00V_m40C
   mult_reg_0_/D               0.225          0.111 f       -0.114  (VIOLATED) mode_norm.OC_rvt_ff28_1.10V_0.00V_1.10V_0.00V_m40C
   mult_reg_12_/D              0.228          0.114 f       -0.114  (VIOLATED) mode_norm.OC_rvt_ff28_1.10V_0.00V_1.10V_0.00V_m40C
   mult_reg_13_/D              0.228          0.134 f       -0.094  (VIOLATED) mode_norm.OC_rvt_ff28_1.10V_0.00V_1.10V_0.00V_m40C
   mult_reg_10_/D              0.230          0.139 f       -0.091  (VIOLATED) mode_norm.OC_rvt_ff28_1.10V_0.00V_1.10V_0.00V_m40C
   mult_reg_2_/D               0.229          0.141 f       -0.088  (VIOLATED) mode_norm.OC_rvt_ff28_1.10V_0.00V_1.10V_0.00V_m40C
   mult_reg_6_/D               0.229          0.141 f       -0.088  (VIOLATED) mode_norm.OC_rvt_ff28_1.10V_0.00V_1.10V_0.00V_m40C
   mult_reg_4_/D               0.229          0.144 f       -0.085  (VIOLATED) mode_norm.OC_rvt_ff28_1.10V_0.00V_1.10V_0.00V_m40C
   mult_reg_8_/D               0.228          0.146 f       -0.082  (VIOLATED) mode_norm.OC_rvt_ff28_1.10V_0.00V_1.10V_0.00V_m40C
   mult_reg_15_/D              0.230          0.155 f       -0.075  (VIOLATED) mode_norm.OC_rvt_ff28_1.10V_0.00V_1.10V_0.00V_m40C
   mult_reg_3_/D               0.230          0.164 f       -0.066  (VIOLATED) mode_norm.OC_rvt_ff28_1.10V_0.00V_1.10V_0.00V_m40C
   mult_reg_11_/D              0.229          0.167 f       -0.062  (VIOLATED) mode_norm.OC_rvt_ff28_1.10V_0.00V_1.10V_0.00V_m40C
   mult_reg_5_/D               0.228          0.170 f       -0.058  (VIOLATED) mode_norm.OC_rvt_ff28_1.10V_0.00V_1.10V_0.00V_m40C
   mult_reg_7_/D               0.226          0.173 f       -0.053  (VIOLATED) mode_norm.OC_rvt_ff28_1.10V_0.00V_1.10V_0.00V_m40C
   mult_reg_9_/D               0.226          0.174 f       -0.052  (VIOLATED) mode_norm.OC_rvt_ff28_1.10V_0.00V_1.10V_0.00V_m40C


   min_delay/hold ('REGOUT' group)

                             Required        Actual
   Endpoint                 Path Delay     Path Delay        Slack             Scenario
   -----------------------------------------------------------------
   acc_o[4]                    0.150          0.066 r       -0.084  (VIOLATED) mode_norm.OC_rvt_ff28_1.10V_0.00V_1.10V_0.00V_m40C
   acc_o[7]                    0.150          0.066 r       -0.084  (VIOLATED) mode_norm.OC_rvt_ff28_1.10V_0.00V_1.10V_0.00V_m40C
   acc_o[6]                    0.150          0.066 r       -0.084  (VIOLATED) mode_norm.OC_rvt_ff28_1.10V_0.00V_1.10V_0.00V_m40C
   acc_o[2]                    0.150          0.067 r       -0.083  (VIOLATED) mode_norm.OC_rvt_ff28_1.10V_0.00V_1.10V_0.00V_m40C
   acc_o[1]                    0.150          0.067 r       -0.083  (VIOLATED) mode_norm.OC_rvt_ff28_1.10V_0.00V_1.10V_0.00V_m40C
   acc_o[0]                    0.150          0.067 r       -0.083  (VIOLATED) mode_norm.OC_rvt_ff28_1.10V_0.00V_1.10V_0.00V_m40C
   vld_o                       0.150          0.067 r       -0.083  (VIOLATED) mode_norm.OC_rvt_ff28_1.10V_0.00V_1.10V_0.00V_m40C
   acc_o[5]                    0.150          0.067 r       -0.083  (VIOLATED) mode_norm.OC_rvt_ff28_1.10V_0.00V_1.10V_0.00V_m40C
   acc_o[3]                    0.150          0.069 r       -0.081  (VIOLATED) mode_norm.OC_rvt_ff28_1.10V_0.00V_1.10V_0.00V_m40C


1
