 
****************************************
Report : clock_gating
        -nosplit
Design : fp_mac
Version: V-2023.12-SP5-3
Date   : Sun Aug 17 15:48:54 2025
****************************************

Information: Identification of clock-gating cells has not been performed. Pre-existing clock-gating cells will not be reported. (PWR-947)


                             Clock Gating Summary
          ------------------------------------------------------------
          |    Number of Clock gating elements    |        5         |
          |                                       |                  |
          |    Number of Gated registers          |   161 (80.50%)   |
          |                                       |                  |
          |    Number of Ungated registers        |    39 (19.50%)   |
          |                                       |                  |
          |    Total number of registers          |      200         |
          ------------------------------------------------------------



                             Clock Gating Report by Origin
          +-------------------------------------------------+------------------+
          |                                                 |    Actual (%)    |
          |                                                 |    Count         |
          +-------------------------------------------------+------------------+
          |  Number of tool-inserted clock gating elements  |     5 (100.00%)  |
          |                                                 |                  |
          |  Number of pre-existing clock gating elements   |     0 (0.00%)    |
          |                                                 |                  |
          |  Number of gated registers                      |   161 (80.50%)   |
          |                                                 |                  |
          |  Number of tool-inserted gated registers        |   161 (80.50%)   |
          |                                                 |                  |
          |  Number of pre-existing gated registers         |     0 (0.00%)    |
          |                                                 |                  |
          |  Number of ungated registers                    |    39 (19.50%)   |
          |                                                 |                  |
          |  Number of registers                            |      200         |
          +-------------------------------------------------+------------------+



1
