Information: Layer B1 is ignored for resistance and capacitance computation. (RCEX-019)
Information: Layer B2 is ignored for resistance and capacitance computation. (RCEX-019)
Information: Layer IA is ignored for resistance and capacitance computation. (RCEX-019)
Information: Layer IB is ignored for resistance and capacitance computation. (RCEX-019)
Information: Layer LB is ignored for resistance and capacitance computation. (RCEX-019)
Information: Found HALF_NODE_SCALE_FACTOR 0.900000 in TLUPlus files. (TLUP-016)
Warning: Process_scale in set_extraction_options and HALF_NODE_SCALE_FACTOR in TLUPlus cannot be used at the same time. (RCEX-087)
Information: Using the HALF_NODE_SCALE_FACTOR in TLUPlus for process scale. (RCEX-086)
Information: The process parameters are scaled by 0.9 0.9. (RCEX-050)
****************************************************************
Information: TLUPlus based RC computation is enabled. (RCEX-141)
****************************************************************
Information: The distance unit in Capacitance and Resistance is 1 micron. (RCEX-007)
Information: The RC model used is TLU+. (RCEX-015)
Information: Library Derived Cap for layer M1 : 0.00019 0.00022 (RCEX-011)
Information: Library Derived Res for layer M1 : 0.0093 0.0067 (RCEX-011)
Information: Library Derived Cap for layer M2 : 0.00019 0.00022 (RCEX-011)
Information: Library Derived Res for layer M2 : 0.012 0.0088 (RCEX-011)
Information: Library Derived Cap for layer M3 : 0.00019 0.00022 (RCEX-011)
Information: Library Derived Res for layer M3 : 0.012 0.0088 (RCEX-011)
Information: Library Derived Cap for layer M4 : 0.00019 0.00022 (RCEX-011)
Information: Library Derived Res for layer M4 : 0.012 0.0088 (RCEX-011)
Information: Library Derived Cap for layer M5 : 0.00019 0.00022 (RCEX-011)
Information: Library Derived Res for layer M5 : 0.012 0.0088 (RCEX-011)
Information: Library Derived Cap for layer M6 : 0.00019 0.00023 (RCEX-011)
Information: Library Derived Res for layer M6 : 0.013 0.0085 (RCEX-011)
Information: Library Derived Cap for layer B1 : 0.00018 0.00021 (RCEX-011)
Information: Library Derived Res for layer B1 : 0.0023 0.0017 (RCEX-011)
Information: Library Derived Cap for layer B2 : 0.00018 0.00022 (RCEX-011)
Information: Library Derived Res for layer B2 : 0.0023 0.0017 (RCEX-011)
Information: Library Derived Cap for layer IA : 0.00025 0.00032 (RCEX-011)
Information: Library Derived Res for layer IA : 0.00011 7.1e-05 (RCEX-011)
Information: Library Derived Cap for layer IB : 0.00025 0.00032 (RCEX-011)
Information: Library Derived Res for layer IB : 0.00011 7.1e-05 (RCEX-011)
Information: Library Derived Cap for layer LB : 0.00025 0.00029 (RCEX-011)
Information: Library Derived Res for layer LB : 6.5e-06 4.6e-06 (RCEX-011)
Information: Library Derived Horizontal Cap : 0.00019 0.00022 (RCEX-011)
Information: Library Derived Horizontal Res : 0.013 0.0087 (RCEX-011)
Information: Library Derived Vertical Cap : 0.00019 0.00022 (RCEX-011)
Information: Library Derived Vertical Res : 0.011 0.0081 (RCEX-011)
Information: Using derived R and C coefficients. (RCEX-008)
Information: Using region-based R and C coefficients. (RCEX-013)
Information: Library Derived Via Res : 0.019 0.0011 (RCEX-011)

Generating congestion map using Zroute global route ...
Start Global Route ... 
[Init] Elapsed real time: 0:00:00 
[Init] Elapsed cpu  time: sys=0:00:00 usr=0:00:00 total=0:00:00
[Init] Stage (MB): Used    0  Alloctr    0  Proc    0 
[Init] Total (MB): Used    6  Alloctr    6  Proc 5677 
Printing options for 'set_route_zrt_common_options'

Printing options for 'set_route_zrt_global_options'

Begin global routing.
Cut layer CA has invalid minimum width specified
Turn off antenna since no rule is specified
Cell Min-Routing-Layer = M1
Cell Max-Routing-Layer = M6
Information: Multiple default contact SNPS_V1_8_8_32_0_SH found for layer V1. (ZRT-021)
Information: Multiple default contact SNPS_V1_17_0_32_0_HH found for layer V1. (ZRT-021)
Information: Multiple default contact SNPS_V1_17_0_0_32_HV found for layer V1. (ZRT-021)
Information: Multiple default contact SNPS_V1_0_17_0_32_VV found for layer V1. (ZRT-021)
Information: Multiple default contact SNPS_VR_8_8_32_0_SH found for layer V1. (ZRT-021)
Information: Multiple default contact SNPS_V1_8_8_8_8_SS found for layer V1. (ZRT-021)
Information: Multiple default contact SNPS_V1_3_11_32_0_VH found for layer V1. (ZRT-021)
Information: Multiple default contact SNPS_V1_11_3_32_0_HH found for layer V1. (ZRT-021)
Information: Multiple default contact SNPS_V2_8_8_0_32_SV found for layer V2. (ZRT-021)
Information: Multiple default contact SNPS_V2_17_0_0_32_HV found for layer V2. (ZRT-021)
Information: Multiple default contact SNPS_V2_17_0_32_0_HH found for layer V2. (ZRT-021)
Information: Multiple default contact SNPS_V2_0_17_0_32_VV found for layer V2. (ZRT-021)
Information: Multiple default contact SNPS_V2_8_8_32_0_SH found for layer V2. (ZRT-021)
Information: Multiple default contact SNPS_V2_8_8_8_8_SS found for layer V2. (ZRT-021)
Information: Multiple default contact SNPS_V3_8_8_32_0_SH found for layer V3. (ZRT-021)
Information: Multiple default contact SNPS_V3_17_0_32_0_HH found for layer V3. (ZRT-021)
Information: Multiple default contact SNPS_V3_0_17_32_0_VH found for layer V3. (ZRT-021)
Information: Multiple default contact SNPS_V3_0_17_0_32_VV found for layer V3. (ZRT-021)
Information: Multiple default contact SNPS_V3_8_8_25_25_SS found for layer V3. (ZRT-021)
Information: Multiple default contact SNPS_V3_8_8_8_8_SS found for layer V3. (ZRT-021)
Information: Multiple default contact SNPS_V4_8_8_0_32_SV found for layer V4. (ZRT-021)
Information: Multiple default contact SNPS_V4_17_0_32_0_HH found for layer V4. (ZRT-021)
Information: Multiple default contact SNPS_V4_0_17_0_32_VV found for layer V4. (ZRT-021)
Information: Multiple default contact SNPS_V4_17_0_0_32_HV found for layer V4. (ZRT-021)
Information: Multiple default contact SNPS_V4_8_8_32_0_SH found for layer V4. (ZRT-021)
Information: Multiple default contact SNPS_V4_8_8_8_8_SS found for layer V4. (ZRT-021)
Information: Multiple default contact SNPS_V5_8_8_32_0_SH found for layer V5. (ZRT-021)
Information: Multiple default contact SNPS_V5_17_0_32_0_HH found for layer V5. (ZRT-021)
Information: Multiple default contact SNPS_V5_0_17_32_0_VH found for layer V5. (ZRT-021)
Information: Multiple default contact SNPS_V5_0_17_0_32_VV found for layer V5. (ZRT-021)
Information: Multiple default contact SNPS_V5_8_8_25_25_SS found for layer V5. (ZRT-021)
Information: Multiple default contact SNPS_V5_8_8_8_8_SS found for layer V5. (ZRT-021)
Information: Multiple default contact SNPS_W0_40_0_0_40_HV found for layer W0. (ZRT-021)
Information: Multiple default contact SNPS_W0_40_0_40_0_HH found for layer W0. (ZRT-021)
Information: Multiple default contact SNPS_W0_0_40_0_40_VV found for layer W0. (ZRT-021)
Information: Multiple default contact SNPS_W1_0_40_40_0_VH found for layer W1. (ZRT-021)
Information: Multiple default contact SNPS_W1_40_0_40_0_HH found for layer W1. (ZRT-021)
Information: Multiple default contact SNPS_W1_0_40_0_40_VV found for layer W1. (ZRT-021)
Information: Multiple default contact SNPS_YZ_20_80_20_80_VV found for layer YZ. (ZRT-021)
Information: Multiple default contact SNPS_YZ_80_20_80_20_HH found for layer YZ. (ZRT-021)
Information: Multiple default contact SNPS_YZ_80_20_20_80_HV found for layer YZ. (ZRT-021)
Information: Multiple default contact SNPS_XA_20_80_20_80_VV found for layer XA. (ZRT-021)
Information: Multiple default contact SNPS_XA_80_20_80_20_HH found for layer XA. (ZRT-021)
Information: Multiple default contact SNPS_XA_80_20_20_80_HV found for layer XA. (ZRT-021)
Warning: Ignore pin (cell C8T28SOI_LR_TOLX5, port vdds) on layer NW. (ZRT-030)
Warning: layerNumber 1 does not exist or is out of range. (MWLIBP-311)
Warning: Ignore pin (cell C8T28SOI_LR_TOLX5, port gnds) on layer . (ZRT-030)
Warning: Pin U842/Z of net n1095 has no valid shapes to connect. (ZRT-100)
Via on layer (V2) needs more than one tracks
Warning: Layer M2 pitch 0.100 may be too small: wire/via-down 0.100, wire/via-up 0.117. (ZRT-026)
Wire on layer (M3) needs more than one tracks
Via on layer (V2) needs more than one tracks
Via on layer (V3) needs more than one tracks
Warning: Layer M3 pitch 0.100 may be too small: wire/via-down 0.132, wire/via-up 0.117. (ZRT-026)
Wire on layer (M4) needs more than one tracks
Via on layer (V3) needs more than one tracks
Via on layer (V4) needs more than one tracks
Warning: Layer M4 pitch 0.100 may be too small: wire/via-down 0.132, wire/via-up 0.117. (ZRT-026)
Wire on layer (M5) needs more than one tracks
Via on layer (V4) needs more than one tracks
Via on layer (V5) needs more than one tracks
Warning: Layer M5 pitch 0.100 may be too small: wire/via-down 0.132, wire/via-up 0.117. (ZRT-026)
Wire on layer (M6) needs more than one tracks
Via on layer (V5) needs more than one tracks
Via on layer (W0) needs more than one tracks
Warning: Layer M6 pitch 0.100 may be too small: wire/via-down 0.132, wire/via-up 0.165. (ZRT-026)
Wire on layer (B1) needs more than one tracks
Via on layer (W0) needs more than one tracks
Via on layer (W1) needs more than one tracks
Warning: Layer B1 pitch 0.200 may be too small: wire/via-down 0.240, wire/via-up 0.240. (ZRT-026)
Wire on layer (B2) needs more than one tracks
Via on layer (W1) needs more than one tracks
Via on layer (YZ) needs more than one tracks
Warning: Layer B2 pitch 0.200 may be too small: wire/via-down 0.240, wire/via-up 0.410. (ZRT-026)
Via on layer (YZ) needs more than one tracks
Warning: Layer IA pitch 0.800 may be too small: wire/via-down 0.860, wire/via-up 0.800. (ZRT-026)
Via on layer (VV) needs more than one tracks
Warning: Layer IB pitch 0.800 may be too small: wire/via-down 0.800, wire/via-up 2.600. (ZRT-026)
Via on layer (VV) needs more than one tracks
Warning: Layer LB pitch 6.000 may be too small: wire/via-down 6.500, wire/via-up 6.000. (ZRT-026)
Warning: Standard cell pin C8T28SOI_LRP_CNHLSX4_P16/CP has no valid via regions. (ZRT-044)
Current Stage stats:
[End of Read DB] Elapsed real time: 0:00:00 
[End of Read DB] Elapsed cpu  time: sys=0:00:00 usr=0:00:00 total=0:00:00
[End of Read DB] Stage (MB): Used  148  Alloctr  149  Proc  188 
[End of Read DB] Total (MB): Used  155  Alloctr  156  Proc 5866 
Constructing data structure ...
Design statistics:
Design Bounding Box (0.00,0.00,38.35,38.40)
Number of routing layers = 11
layer M1, dir Ver, min width = 0.05, min space = 0.05 pitch = 0.14
layer M2, dir Hor, min width = 0.05, min space = 0.05 pitch = 0.10
layer M3, dir Ver, min width = 0.05, min space = 0.05 pitch = 0.10
layer M4, dir Hor, min width = 0.05, min space = 0.05 pitch = 0.10
layer M5, dir Ver, min width = 0.05, min space = 0.05 pitch = 0.10
layer M6, dir Hor, min width = 0.05, min space = 0.05 pitch = 0.10
layer B1, dir Ver, min width = 0.10, min space = 0.10 pitch = 0.20
layer B2, dir Hor, min width = 0.10, min space = 0.10 pitch = 0.20
layer IA, dir Ver, min width = 0.40, min space = 0.40 pitch = 0.80
layer IB, dir Hor, min width = 0.40, min space = 0.40 pitch = 0.80
layer LB, dir Ver, min width = 4.00, min space = 2.00 pitch = 6.00
Current Stage stats:
[End of Build Tech Data] Elapsed real time: 0:00:00 
[End of Build Tech Data] Elapsed cpu  time: sys=0:00:00 usr=0:00:00 total=0:00:00
[End of Build Tech Data] Stage (MB): Used    1  Alloctr    1  Proc    0 
[End of Build Tech Data] Total (MB): Used  156  Alloctr  157  Proc 5866 
Net statistics:
Total number of nets     = 1072
Number of nets to route  = 1055
Number of single or zero port nets = 1
16 nets are fully connected,
 of which 16 are detail routed and 0 are global routed.
Current Stage stats:
[End of Build All Nets] Elapsed real time: 0:00:00 
[End of Build All Nets] Elapsed cpu  time: sys=0:00:00 usr=0:00:00 total=0:00:00
[End of Build All Nets] Stage (MB): Used    0  Alloctr    0  Proc    1 
[End of Build All Nets] Total (MB): Used  157  Alloctr  158  Proc 5868 
Average gCell capacity  2.17	 on layer (1)	 M1
Average gCell capacity  1.62	 on layer (2)	 M2
Average gCell capacity  7.97	 on layer (3)	 M3
Average gCell capacity  7.97	 on layer (4)	 M4
Average gCell capacity  7.98	 on layer (5)	 M5
Average gCell capacity  7.98	 on layer (6)	 M6
Average gCell capacity  3.98	 on layer (7)	 B1
Average gCell capacity  0.00	 on layer (8)	 B2
Average gCell capacity  0.00	 on layer (9)	 IA
Average gCell capacity  0.00	 on layer (10)	 IB
Average gCell capacity  0.00	 on layer (11)	 LB
Average number of tracks per gCell 5.90	 on layer (1)	 M1
Average number of tracks per gCell 8.02	 on layer (2)	 M2
Average number of tracks per gCell 8.02	 on layer (3)	 M3
Average number of tracks per gCell 8.02	 on layer (4)	 M4
Average number of tracks per gCell 8.02	 on layer (5)	 M5
Average number of tracks per gCell 8.02	 on layer (6)	 M6
Average number of tracks per gCell 4.02	 on layer (7)	 B1
Average number of tracks per gCell 4.02	 on layer (8)	 B2
Average number of tracks per gCell 1.02	 on layer (9)	 IA
Average number of tracks per gCell 1.02	 on layer (10)	 IB
Average number of tracks per gCell 0.15	 on layer (11)	 LB
Number of gCells = 25344
Current Stage stats:
[End of Build Congestion map] Elapsed real time: 0:00:00 
[End of Build Congestion map] Elapsed cpu  time: sys=0:00:00 usr=0:00:00 total=0:00:00
[End of Build Congestion map] Stage (MB): Used    0  Alloctr    0  Proc    0 
[End of Build Congestion map] Total (MB): Used  157  Alloctr  159  Proc 5868 
Total stats:
[End of Build Data] Elapsed real time: 0:00:00 
[End of Build Data] Elapsed cpu  time: sys=0:00:00 usr=0:00:00 total=0:00:00
[End of Build Data] Stage (MB): Used    2  Alloctr    2  Proc    1 
[End of Build Data] Total (MB): Used  157  Alloctr  159  Proc 5868 
Current Stage stats:
[End of Blocked Pin Detection] Elapsed real time: 0:00:00 
[End of Blocked Pin Detection] Elapsed cpu  time: sys=0:00:00 usr=0:00:00 total=0:00:00
[End of Blocked Pin Detection] Stage (MB): Used    0  Alloctr    0  Proc    2 
[End of Blocked Pin Detection] Total (MB): Used  157  Alloctr  159  Proc 5871 
Information: Using 16 threads for routing. (ZRT-444)
multi gcell levels ON

Start GR phase 0
Current Stage stats:
[End of Initial Routing] Elapsed real time: 0:00:00 
[End of Initial Routing] Elapsed cpu  time: sys=0:00:00 usr=0:00:00 total=0:00:00
[End of Initial Routing] Stage (MB): Used    0  Alloctr    0  Proc    0 
[End of Initial Routing] Total (MB): Used  158  Alloctr  159  Proc 5871 
Initial. Routing result:
Initial. Both Dirs: Overflow =   100 Max = 5 GRCs =   152 (3.30%)
Initial. H routing: Overflow =    78 Max = 5 (GRCs =  1) GRCs =    90 (3.91%)
Initial. V routing: Overflow =    22 Max = 2 (GRCs =  1) GRCs =    62 (2.69%)
Initial. M1         Overflow =     4 Max = 2 (GRCs =  1) GRCs =     4 (0.17%)
Initial. M2         Overflow =    78 Max = 5 (GRCs =  1) GRCs =    90 (3.91%)
Initial. M3         Overflow =    17 Max = 1 (GRCs = 11) GRCs =    58 (2.52%)
Initial. M4         Overflow =     0 Max = 0 (GRCs =  0) GRCs =     0 (0.00%)
Initial. M5         Overflow =     0 Max = 0 (GRCs =  0) GRCs =     0 (0.00%)
Initial. M6         Overflow =     0 Max = 0 (GRCs =  0) GRCs =     0 (0.00%)
Initial. B1         Overflow =     0 Max = 0 (GRCs =  0) GRCs =     0 (0.00%)
Initial. B2         Overflow =     0 Max = 0 (GRCs =  0) GRCs =     0 (0.00%)
Initial. IA         Overflow =     0 Max = 0 (GRCs =  0) GRCs =     0 (0.00%)
Initial. IB         Overflow =     0 Max = 0 (GRCs =  0) GRCs =     0 (0.00%)
Initial. LB         Overflow =     0 Max = 0 (GRCs =  0) GRCs =     0 (0.00%)

Initial. Total Wire Length = 9243.29
Initial. Layer M1 wire length = 118.03
Initial. Layer M2 wire length = 314.23
Initial. Layer M3 wire length = 4264.27
Initial. Layer M4 wire length = 4181.59
Initial. Layer M5 wire length = 365.17
Initial. Layer M6 wire length = 0.00
Initial. Layer B1 wire length = 0.00
Initial. Layer B2 wire length = 0.00
Initial. Layer IA wire length = 0.00
Initial. Layer IB wire length = 0.00
Initial. Layer LB wire length = 0.00
Initial. Total Number of Contacts = 8849
Initial. Via SNPS_V1_0_17_32_0_VH count = 2930
Initial. Via SNPS_V2_17_0_0_32_HV count = 3445
Initial. Via SNPS_V3_0_17_32_0_VH count = 2414
Initial. Via SNPS_V4_17_0_0_32_HV count = 60
Initial. Via SNPS_V5_0_17_32_0_VH count = 0
Initial. Via SNPS_W0_40_0_0_40_HV count = 0
Initial. Via SNPS_W1_0_40_40_0_VH count = 0
Initial. Via SNPS_YZ_20_80_20_80_VV count = 0
Initial. Via SNPS_XA_20_80_80_20_VH count = 0
Initial. Via SNPS_VV_500_500_1000_1000_SS count = 0
Initial. completed.

Start GR phase 1
Current Stage stats:
[End of Phase1 Routing] Elapsed real time: 0:00:00 
[End of Phase1 Routing] Elapsed cpu  time: sys=0:00:00 usr=0:00:00 total=0:00:00
[End of Phase1 Routing] Stage (MB): Used    0  Alloctr    0  Proc    0 
[End of Phase1 Routing] Total (MB): Used  158  Alloctr  159  Proc 5872 
phase1. Routing result:
phase1. Both Dirs: Overflow =    68 Max = 5 GRCs =    76 (1.65%)
phase1. H routing: Overflow =    63 Max = 5 (GRCs =  1) GRCs =    72 (3.12%)
phase1. V routing: Overflow =     4 Max = 2 (GRCs =  1) GRCs =     4 (0.17%)
phase1. M1         Overflow =     4 Max = 2 (GRCs =  1) GRCs =     4 (0.17%)
phase1. M2         Overflow =    63 Max = 5 (GRCs =  1) GRCs =    72 (3.12%)
phase1. M3         Overflow =     0 Max = 0 (GRCs =  0) GRCs =     0 (0.00%)
phase1. M4         Overflow =     0 Max = 0 (GRCs =  0) GRCs =     0 (0.00%)
phase1. M5         Overflow =     0 Max = 0 (GRCs =  0) GRCs =     0 (0.00%)
phase1. M6         Overflow =     0 Max = 0 (GRCs =  0) GRCs =     0 (0.00%)
phase1. B1         Overflow =     0 Max = 0 (GRCs =  0) GRCs =     0 (0.00%)
phase1. B2         Overflow =     0 Max = 0 (GRCs =  0) GRCs =     0 (0.00%)
phase1. IA         Overflow =     0 Max = 0 (GRCs =  0) GRCs =     0 (0.00%)
phase1. IB         Overflow =     0 Max = 0 (GRCs =  0) GRCs =     0 (0.00%)
phase1. LB         Overflow =     0 Max = 0 (GRCs =  0) GRCs =     0 (0.00%)

phase1. Total Wire Length = 9259.75
phase1. Layer M1 wire length = 115.47
phase1. Layer M2 wire length = 300.62
phase1. Layer M3 wire length = 4102.43
phase1. Layer M4 wire length = 4212.37
phase1. Layer M5 wire length = 528.86
phase1. Layer M6 wire length = 0.00
phase1. Layer B1 wire length = 0.00
phase1. Layer B2 wire length = 0.00
phase1. Layer IA wire length = 0.00
phase1. Layer IB wire length = 0.00
phase1. Layer LB wire length = 0.00
phase1. Total Number of Contacts = 8924
phase1. Via SNPS_V1_0_17_32_0_VH count = 2920
phase1. Via SNPS_V2_17_0_0_32_HV count = 3440
phase1. Via SNPS_V3_0_17_32_0_VH count = 2470
phase1. Via SNPS_V4_17_0_0_32_HV count = 94
phase1. Via SNPS_V5_0_17_32_0_VH count = 0
phase1. Via SNPS_W0_40_0_0_40_HV count = 0
phase1. Via SNPS_W1_0_40_40_0_VH count = 0
phase1. Via SNPS_YZ_20_80_20_80_VV count = 0
phase1. Via SNPS_XA_20_80_80_20_VH count = 0
phase1. Via SNPS_VV_500_500_1000_1000_SS count = 0
phase1. completed.

Start GR phase 2
Current Stage stats:
[End of Phase2 Routing] Elapsed real time: 0:00:00 
[End of Phase2 Routing] Elapsed cpu  time: sys=0:00:00 usr=0:00:00 total=0:00:00
[End of Phase2 Routing] Stage (MB): Used    0  Alloctr    0  Proc    2 
[End of Phase2 Routing] Total (MB): Used  158  Alloctr  160  Proc 5875 
phase2. Routing result:
phase2. Both Dirs: Overflow =    53 Max = 3 GRCs =    51 (1.11%)
phase2. H routing: Overflow =    50 Max = 3 (GRCs =  3) GRCs =    48 (2.08%)
phase2. V routing: Overflow =     3 Max = 2 (GRCs =  1) GRCs =     3 (0.13%)
phase2. M1         Overflow =     3 Max = 2 (GRCs =  1) GRCs =     3 (0.13%)
phase2. M2         Overflow =    50 Max = 3 (GRCs =  3) GRCs =    48 (2.08%)
phase2. M3         Overflow =     0 Max = 0 (GRCs =  0) GRCs =     0 (0.00%)
phase2. M4         Overflow =     0 Max = 0 (GRCs =  0) GRCs =     0 (0.00%)
phase2. M5         Overflow =     0 Max = 0 (GRCs =  0) GRCs =     0 (0.00%)
phase2. M6         Overflow =     0 Max = 0 (GRCs =  0) GRCs =     0 (0.00%)
phase2. B1         Overflow =     0 Max = 0 (GRCs =  0) GRCs =     0 (0.00%)
phase2. B2         Overflow =     0 Max = 0 (GRCs =  0) GRCs =     0 (0.00%)
phase2. IA         Overflow =     0 Max = 0 (GRCs =  0) GRCs =     0 (0.00%)
phase2. IB         Overflow =     0 Max = 0 (GRCs =  0) GRCs =     0 (0.00%)
phase2. LB         Overflow =     0 Max = 0 (GRCs =  0) GRCs =     0 (0.00%)

phase2. Total Wire Length = 9261.81
phase2. Layer M1 wire length = 114.44
phase2. Layer M2 wire length = 303.80
phase2. Layer M3 wire length = 4105.11
phase2. Layer M4 wire length = 4209.60
phase2. Layer M5 wire length = 528.86
phase2. Layer M6 wire length = 0.00
phase2. Layer B1 wire length = 0.00
phase2. Layer B2 wire length = 0.00
phase2. Layer IA wire length = 0.00
phase2. Layer IB wire length = 0.00
phase2. Layer LB wire length = 0.00
phase2. Total Number of Contacts = 8919
phase2. Via SNPS_V1_0_17_32_0_VH count = 2918
phase2. Via SNPS_V2_17_0_0_32_HV count = 3437
phase2. Via SNPS_V3_0_17_32_0_VH count = 2470
phase2. Via SNPS_V4_17_0_0_32_HV count = 94
phase2. Via SNPS_V5_0_17_32_0_VH count = 0
phase2. Via SNPS_W0_40_0_0_40_HV count = 0
phase2. Via SNPS_W1_0_40_40_0_VH count = 0
phase2. Via SNPS_YZ_20_80_20_80_VV count = 0
phase2. Via SNPS_XA_20_80_80_20_VH count = 0
phase2. Via SNPS_VV_500_500_1000_1000_SS count = 0
phase2. completed.

Start GR phase 3
Current Stage stats:
[End of Phase3 Routing] Elapsed real time: 0:00:00 
[End of Phase3 Routing] Elapsed cpu  time: sys=0:00:00 usr=0:00:00 total=0:00:00
[End of Phase3 Routing] Stage (MB): Used    0  Alloctr    0  Proc    2 
[End of Phase3 Routing] Total (MB): Used  158  Alloctr  160  Proc 5877 
phase3. Routing result:
phase3. Both Dirs: Overflow =    53 Max = 3 GRCs =    51 (1.11%)
phase3. H routing: Overflow =    50 Max = 3 (GRCs =  3) GRCs =    48 (2.08%)
phase3. V routing: Overflow =     3 Max = 2 (GRCs =  1) GRCs =     3 (0.13%)
phase3. M1         Overflow =     3 Max = 2 (GRCs =  1) GRCs =     3 (0.13%)
phase3. M2         Overflow =    50 Max = 3 (GRCs =  3) GRCs =    48 (2.08%)
phase3. M3         Overflow =     0 Max = 0 (GRCs =  0) GRCs =     0 (0.00%)
phase3. M4         Overflow =     0 Max = 0 (GRCs =  0) GRCs =     0 (0.00%)
phase3. M5         Overflow =     0 Max = 0 (GRCs =  0) GRCs =     0 (0.00%)
phase3. M6         Overflow =     0 Max = 0 (GRCs =  0) GRCs =     0 (0.00%)
phase3. B1         Overflow =     0 Max = 0 (GRCs =  0) GRCs =     0 (0.00%)
phase3. B2         Overflow =     0 Max = 0 (GRCs =  0) GRCs =     0 (0.00%)
phase3. IA         Overflow =     0 Max = 0 (GRCs =  0) GRCs =     0 (0.00%)
phase3. IB         Overflow =     0 Max = 0 (GRCs =  0) GRCs =     0 (0.00%)
phase3. LB         Overflow =     0 Max = 0 (GRCs =  0) GRCs =     0 (0.00%)

phase3. Total Wire Length = 9261.81
phase3. Layer M1 wire length = 114.44
phase3. Layer M2 wire length = 303.80
phase3. Layer M3 wire length = 4105.11
phase3. Layer M4 wire length = 4209.60
phase3. Layer M5 wire length = 528.86
phase3. Layer M6 wire length = 0.00
phase3. Layer B1 wire length = 0.00
phase3. Layer B2 wire length = 0.00
phase3. Layer IA wire length = 0.00
phase3. Layer IB wire length = 0.00
phase3. Layer LB wire length = 0.00
phase3. Total Number of Contacts = 8919
phase3. Via SNPS_V1_0_17_32_0_VH count = 2918
phase3. Via SNPS_V2_17_0_0_32_HV count = 3437
phase3. Via SNPS_V3_0_17_32_0_VH count = 2470
phase3. Via SNPS_V4_17_0_0_32_HV count = 94
phase3. Via SNPS_V5_0_17_32_0_VH count = 0
phase3. Via SNPS_W0_40_0_0_40_HV count = 0
phase3. Via SNPS_W1_0_40_40_0_VH count = 0
phase3. Via SNPS_YZ_20_80_20_80_VV count = 0
phase3. Via SNPS_XA_20_80_80_20_VH count = 0
phase3. Via SNPS_VV_500_500_1000_1000_SS count = 0
phase3. completed.
[End of Whole Chip Routing] Elapsed real time: 0:00:00 
[End of Whole Chip Routing] Elapsed cpu  time: sys=0:00:00 usr=0:00:00 total=0:00:00
[End of Whole Chip Routing] Stage (MB): Used    3  Alloctr    3  Proc   11 
[End of Whole Chip Routing] Total (MB): Used  158  Alloctr  160  Proc 5877 

Congestion utilization per direction:
Average vertical track utilization   = 16.36 %
Peak    vertical track utilization   = 57.14 %
Average horizontal track utilization = 19.01 %
Peak    horizontal track utilization = 68.42 %

Current Stage stats:
[GR: Done] Elapsed real time: 0:00:00 
[GR: Done] Elapsed cpu  time: sys=0:00:00 usr=0:00:00 total=0:00:00
[GR: Done] Stage (MB): Used    0  Alloctr    0  Proc    0 
[GR: Done] Total (MB): Used  158  Alloctr  159  Proc 5877 
GR Total stats:
[GR: Done] Elapsed real time: 0:00:00 
[GR: Done] Elapsed cpu  time: sys=0:00:00 usr=0:00:00 total=0:00:00
[GR: Done] Stage (MB): Used  151  Alloctr  152  Proc  199 
[GR: Done] Total (MB): Used  158  Alloctr  159  Proc 5877 
Updating congestion ...
Final total stats:
[End of Global Routing] Elapsed real time: 0:00:00 
[End of Global Routing] Elapsed cpu  time: sys=0:00:00 usr=0:00:00 total=0:00:00
[End of Global Routing] Stage (MB): Used  149  Alloctr  150  Proc  199 
[End of Global Routing] Total (MB): Used  155  Alloctr  156  Proc 5877 
 
****************************************
Report : congestion
Design : fp_mac
Version: V-2023.12-SP5-3
Date   : Sun Aug 17 15:48:56 2025
****************************************

Both Dirs: Overflow = 53 Max = 3 (3 GRCs) GRCs = 51 (1.11%)
H routing: Overflow = 50 Max = 3 (3 GRCs) GRCs = 48  (2.08%)
V routing: Overflow = 3 Max = 2 (1 GRCs) GRCs = 3  (0.13%)
1
