 
****************************************
Report : area
Design : fx_mac
Version: V-2023.12-SP5-3
Date   : Sat Aug 16 15:41:30 2025
****************************************

Library(s) Used:

    C28SOI_SC_8_PR_LR_ss28_0.90V_0.00V_0.90V_0.00V_125C (File: /tool/PDK/samsung/LN28FDS_202408/SC/ln28fds_sc_8t_rvt_mainstream_V1.02ae/FE-Common/LIBERTY/PR/C28SOI_SC_8_PR_LR_ss28_0.90V_0.00V_0.90V_0.00V_125C.db)
    C28SOI_SC_8_CLK_LR_ss28_0.90V_0.00V_0.90V_0.00V_125C_sadhm (File: /tool/PDK/samsung/LN28FDS_202408/SC/ln28fds_sc_8t_rvt_mainstream_V1.02ae/FE-Common/LIBERTY/CLK/C28SOI_SC_8_CLK_LR_ss28_0.90V_0.00V_0.90V_0.00V_125C_sadhm.db)
    C28SOI_SC_8_CORE_LR_ss28_0.90V_0.00V_0.90V_0.00V_125C_sadhm (File: /tool/PDK/samsung/LN28FDS_202408/SC/ln28fds_sc_8t_rvt_mainstream_V1.02ae/FE-Common/LIBERTY/CORE/C28SOI_SC_8_CORE_LR_ss28_0.90V_0.00V_0.90V_0.00V_125C_sadhm.db)
    C28SOI_SC_8_CORESPL_LR_ss28_0.90V_0.00V_0.90V_0.00V_125C_sadhm (File: /tool/PDK/samsung/LN28FDS_202408/SC/ln28fds_sc_8t_rvt_mainstream_V1.02ae/FE-Common/LIBERTY/CORESPL/C28SOI_SC_8_CORESPL_LR_ss28_0.90V_0.00V_0.90V_0.00V_125C_sadhm.db)

Number of ports:                           40
Number of nets:                           498
Number of cells:                          425
Number of combinational cells:            362
Number of sequential cells:                60
Number of macros/black boxes:               0
Number of buf/inv:                         39
Number of references:                      40

Combinational area:                245.452806
Buf/Inv area:                        8.486400
Noncombinational area:             135.129603
Macro/Black Box area:                0.000000
Net Interconnect area:      undefined  (No wire load specified)

Total cell area:                   380.582409
Total area:                 undefined

Core Area:                       600
Aspect Ratio:                 1.0245
Utilization Ratio:            0.6339


The above information was reported from the logical library. The following are from the physical library:

  Total moveable cell area: 380.6
  Total fixed cell area: 0.0
  Total physical cell area: 380.6
 Core area: 0.000, 0.000, 24.208, 24.800

Hierarchical area distribution
------------------------------

                                  Global cell area          Local cell area
                                  ------------------  --------------------------- 
Hierarchical cell                 Absolute   Percent  Combi-    Noncombi-  Black-
                                  Total      Total    national  national   boxes   Design
--------------------------------  ---------  -------  --------  ---------  ------  -----------------------------
fx_mac                             380.5824    100.0  245.4528   130.2336  0.0000  fx_mac
clk_gate_counter_reg                 1.6320      0.4    0.0000     1.6320  0.0000  SNPS_CLOCK_GATE_HIGH_fx_mac_5
clk_gate_ml                          1.6320      0.4    0.0000     1.6320  0.0000  SNPS_CLOCK_GATE_HIGH_fx_mac_3
clk_gate_vld_o_tmp_reg               1.6320      0.4    0.0000     1.6320  0.0000  SNPS_CLOCK_GATE_HIGH_fx_mac_4
--------------------------------  ---------  -------  --------  ---------  ------  -----------------------------
Total                                                 245.4528   135.1296  0.0000

1
