 
****************************************
Report : clock_gating
        -nosplit
Design : fx_mac
Version: V-2023.12-SP5-3
Date   : Sat Aug 16 15:41:30 2025
****************************************

Information: Identification of clock-gating cells has not been performed. Pre-existing clock-gating cells will not be reported. (PWR-947)


                             Clock Gating Summary
          ------------------------------------------------------------
          |    Number of Clock gating elements    |        3         |
          |                                       |                  |
          |    Number of Gated registers          |    35 (61.40%)   |
          |                                       |                  |
          |    Number of Ungated registers        |    22 (38.60%)   |
          |                                       |                  |
          |    Total number of registers          |       57         |
          ------------------------------------------------------------



                             Clock Gating Report by Origin
          +-------------------------------------------------+------------------+
          |                                                 |    Actual (%)    |
          |                                                 |    Count         |
          +-------------------------------------------------+------------------+
          |  Number of tool-inserted clock gating elements  |     3 (100.00%)  |
          |                                                 |                  |
          |  Number of pre-existing clock gating elements   |     0 (0.00%)    |
          |                                                 |                  |
          |  Number of gated registers                      |    35 (61.40%)   |
          |                                                 |                  |
          |  Number of tool-inserted gated registers        |    35 (61.40%)   |
          |                                                 |                  |
          |  Number of pre-existing gated registers         |     0 (0.00%)    |
          |                                                 |                  |
          |  Number of ungated registers                    |    22 (38.60%)   |
          |                                                 |                  |
          |  Number of registers                            |       57         |
          +-------------------------------------------------+------------------+



1
