 
****************************************
Report : clock_gating
        -nosplit
Design : posit_mac
Version: V-2023.12-SP5-3
Date   : Wed Aug 20 14:07:28 2025
****************************************

Information: Identification of clock-gating cells has not been performed. Pre-existing clock-gating cells will not be reported. (PWR-947)


                             Clock Gating Summary
          ------------------------------------------------------------
          |    Number of Clock gating elements    |       13         |
          |                                       |                  |
          |    Number of Gated registers          |   468 (89.14%)   |
          |                                       |                  |
          |    Number of Ungated registers        |    57 (10.86%)   |
          |                                       |                  |
          |    Total number of registers          |      525         |
          ------------------------------------------------------------



                             Clock Gating Report by Origin
          +-------------------------------------------------+------------------+
          |                                                 |    Actual (%)    |
          |                                                 |    Count         |
          +-------------------------------------------------+------------------+
          |  Number of tool-inserted clock gating elements  |    13 (100.00%)  |
          |                                                 |                  |
          |  Number of pre-existing clock gating elements   |     0 (0.00%)    |
          |                                                 |                  |
          |  Number of gated registers                      |   468 (89.14%)   |
          |                                                 |                  |
          |  Number of tool-inserted gated registers        |   468 (89.14%)   |
          |                                                 |                  |
          |  Number of pre-existing gated registers         |     0 (0.00%)    |
          |                                                 |                  |
          |  Number of ungated registers                    |    57 (10.86%)   |
          |                                                 |                  |
          |  Number of registers                            |      525         |
          +-------------------------------------------------+------------------+



1
